mode: set
github.com/the4star/reservation-system/internal/handlers/handlers.go:32.62,37.2 1 0
github.com/the4star/reservation-system/internal/handlers/handlers.go:40.51,45.2 1 1
github.com/the4star/reservation-system/internal/handlers/handlers.go:48.33,50.2 1 1
github.com/the4star/reservation-system/internal/handlers/handlers.go:53.67,55.2 1 1
github.com/the4star/reservation-system/internal/handlers/handlers.go:58.68,60.2 1 1
github.com/the4star/reservation-system/internal/handlers/handlers.go:63.76,65.2 1 1
github.com/the4star/reservation-system/internal/handlers/handlers.go:68.74,70.2 1 1
github.com/the4star/reservation-system/internal/handlers/handlers.go:73.75,75.2 1 1
github.com/the4star/reservation-system/internal/handlers/handlers.go:78.73,80.24 2 1
github.com/the4star/reservation-system/internal/handlers/handlers.go:85.2,86.16 2 1
github.com/the4star/reservation-system/internal/handlers/handlers.go:92.2,93.9 2 1
github.com/the4star/reservation-system/internal/handlers/handlers.go:98.2,102.51 3 1
github.com/the4star/reservation-system/internal/handlers/handlers.go:80.24,84.3 3 1
github.com/the4star/reservation-system/internal/handlers/handlers.go:86.16,90.3 3 0
github.com/the4star/reservation-system/internal/handlers/handlers.go:93.9,97.3 3 1
github.com/the4star/reservation-system/internal/handlers/handlers.go:106.79,108.16 2 1
github.com/the4star/reservation-system/internal/handlers/handlers.go:114.2,118.16 5 1
github.com/the4star/reservation-system/internal/handlers/handlers.go:123.2,124.16 2 1
github.com/the4star/reservation-system/internal/handlers/handlers.go:130.2,131.16 2 1
github.com/the4star/reservation-system/internal/handlers/handlers.go:137.2,137.21 1 1
github.com/the4star/reservation-system/internal/handlers/handlers.go:144.2,156.4 5 1
github.com/the4star/reservation-system/internal/handlers/handlers.go:108.16,112.3 3 0
github.com/the4star/reservation-system/internal/handlers/handlers.go:118.16,122.3 3 1
github.com/the4star/reservation-system/internal/handlers/handlers.go:124.16,128.3 3 1
github.com/the4star/reservation-system/internal/handlers/handlers.go:131.16,135.3 3 0
github.com/the4star/reservation-system/internal/handlers/handlers.go:137.21,142.3 4 0
github.com/the4star/reservation-system/internal/handlers/handlers.go:170.83,181.16 8 1
github.com/the4star/reservation-system/internal/handlers/handlers.go:192.2,193.16 2 1
github.com/the4star/reservation-system/internal/handlers/handlers.go:204.2,205.16 2 1
github.com/the4star/reservation-system/internal/handlers/handlers.go:217.2,218.16 2 1
github.com/the4star/reservation-system/internal/handlers/handlers.go:230.2,235.16 3 1
github.com/the4star/reservation-system/internal/handlers/handlers.go:241.2,241.23 1 1
github.com/the4star/reservation-system/internal/handlers/handlers.go:181.16,191.3 5 1
github.com/the4star/reservation-system/internal/handlers/handlers.go:193.16,203.3 5 0
github.com/the4star/reservation-system/internal/handlers/handlers.go:205.16,215.3 5 0
github.com/the4star/reservation-system/internal/handlers/handlers.go:218.16,228.3 5 0
github.com/the4star/reservation-system/internal/handlers/handlers.go:235.16,239.3 3 0
github.com/the4star/reservation-system/internal/handlers/handlers.go:245.71,247.16 2 0
github.com/the4star/reservation-system/internal/handlers/handlers.go:251.2,256.16 5 0
github.com/the4star/reservation-system/internal/handlers/handlers.go:260.2,261.16 2 0
github.com/the4star/reservation-system/internal/handlers/handlers.go:266.2,267.16 2 0
github.com/the4star/reservation-system/internal/handlers/handlers.go:272.2,281.51 7 0
github.com/the4star/reservation-system/internal/handlers/handlers.go:247.16,250.3 2 0
github.com/the4star/reservation-system/internal/handlers/handlers.go:256.16,259.3 2 0
github.com/the4star/reservation-system/internal/handlers/handlers.go:261.16,264.3 2 0
github.com/the4star/reservation-system/internal/handlers/handlers.go:267.16,270.3 2 0
github.com/the4star/reservation-system/internal/handlers/handlers.go:285.67,287.9 2 1
github.com/the4star/reservation-system/internal/handlers/handlers.go:292.2,293.16 2 1
github.com/the4star/reservation-system/internal/handlers/handlers.go:298.2,312.4 8 1
github.com/the4star/reservation-system/internal/handlers/handlers.go:287.9,290.3 2 1
github.com/the4star/reservation-system/internal/handlers/handlers.go:293.16,296.3 2 1
github.com/the4star/reservation-system/internal/handlers/handlers.go:316.71,318.9 2 1
github.com/the4star/reservation-system/internal/handlers/handlers.go:324.2,325.16 2 1
github.com/the4star/reservation-system/internal/handlers/handlers.go:331.2,335.19 5 1
github.com/the4star/reservation-system/internal/handlers/handlers.go:346.2,353.16 6 1
github.com/the4star/reservation-system/internal/handlers/handlers.go:359.2,371.16 5 1
github.com/the4star/reservation-system/internal/handlers/handlers.go:378.2,379.66 2 1
github.com/the4star/reservation-system/internal/handlers/handlers.go:318.9,322.3 3 1
github.com/the4star/reservation-system/internal/handlers/handlers.go:325.16,329.3 3 1
github.com/the4star/reservation-system/internal/handlers/handlers.go:335.19,344.3 5 1
github.com/the4star/reservation-system/internal/handlers/handlers.go:353.16,357.3 3 1
github.com/the4star/reservation-system/internal/handlers/handlers.go:371.16,375.3 3 1
github.com/the4star/reservation-system/internal/handlers/handlers.go:383.70,385.2 1 1
github.com/the4star/reservation-system/internal/handlers/handlers.go:387.81,389.9 2 0
github.com/the4star/reservation-system/internal/handlers/handlers.go:396.2,406.4 7 0
github.com/the4star/reservation-system/internal/handlers/handlers.go:389.9,394.3 4 0
