mode: set
github.com/the4star/reservation-system/internal/handlers/handlers.go:32.62,37.2 1 0
github.com/the4star/reservation-system/internal/handlers/handlers.go:40.51,45.2 1 1
github.com/the4star/reservation-system/internal/handlers/handlers.go:48.33,50.2 1 1
github.com/the4star/reservation-system/internal/handlers/handlers.go:53.67,55.2 1 1
github.com/the4star/reservation-system/internal/handlers/handlers.go:58.68,60.2 1 1
github.com/the4star/reservation-system/internal/handlers/handlers.go:63.76,65.2 1 1
github.com/the4star/reservation-system/internal/handlers/handlers.go:68.74,70.2 1 1
github.com/the4star/reservation-system/internal/handlers/handlers.go:73.75,75.2 1 1
github.com/the4star/reservation-system/internal/handlers/handlers.go:78.73,80.24 2 1
github.com/the4star/reservation-system/internal/handlers/handlers.go:85.2,86.16 2 1
github.com/the4star/reservation-system/internal/handlers/handlers.go:93.2,94.9 2 1
github.com/the4star/reservation-system/internal/handlers/handlers.go:99.2,103.51 3 1
github.com/the4star/reservation-system/internal/handlers/handlers.go:80.24,84.3 3 1
github.com/the4star/reservation-system/internal/handlers/handlers.go:86.16,91.3 4 0
github.com/the4star/reservation-system/internal/handlers/handlers.go:94.9,98.3 3 1
github.com/the4star/reservation-system/internal/handlers/handlers.go:107.79,109.16 2 1
github.com/the4star/reservation-system/internal/handlers/handlers.go:116.2,120.16 5 1
github.com/the4star/reservation-system/internal/handlers/handlers.go:126.2,127.16 2 1
github.com/the4star/reservation-system/internal/handlers/handlers.go:134.2,135.16 2 1
github.com/the4star/reservation-system/internal/handlers/handlers.go:142.2,142.21 1 1
github.com/the4star/reservation-system/internal/handlers/handlers.go:149.2,161.4 5 1
github.com/the4star/reservation-system/internal/handlers/handlers.go:109.16,114.3 4 0
github.com/the4star/reservation-system/internal/handlers/handlers.go:120.16,125.3 4 1
github.com/the4star/reservation-system/internal/handlers/handlers.go:127.16,132.3 4 1
github.com/the4star/reservation-system/internal/handlers/handlers.go:135.16,140.3 4 0
github.com/the4star/reservation-system/internal/handlers/handlers.go:142.21,147.3 4 0
github.com/the4star/reservation-system/internal/handlers/handlers.go:175.83,186.16 8 1
github.com/the4star/reservation-system/internal/handlers/handlers.go:191.2,192.16 2 1
github.com/the4star/reservation-system/internal/handlers/handlers.go:198.2,199.16 2 1
github.com/the4star/reservation-system/internal/handlers/handlers.go:205.2,206.16 2 1
github.com/the4star/reservation-system/internal/handlers/handlers.go:212.2,217.16 3 1
github.com/the4star/reservation-system/internal/handlers/handlers.go:223.2,223.23 1 1
github.com/the4star/reservation-system/internal/handlers/handlers.go:186.16,190.3 3 1
github.com/the4star/reservation-system/internal/handlers/handlers.go:192.16,196.3 3 0
github.com/the4star/reservation-system/internal/handlers/handlers.go:199.16,203.3 3 0
github.com/the4star/reservation-system/internal/handlers/handlers.go:206.16,210.3 3 0
github.com/the4star/reservation-system/internal/handlers/handlers.go:217.16,221.3 3 0
github.com/the4star/reservation-system/internal/handlers/handlers.go:227.71,229.16 2 1
github.com/the4star/reservation-system/internal/handlers/handlers.go:235.2,240.16 5 1
github.com/the4star/reservation-system/internal/handlers/handlers.go:246.2,247.16 2 1
github.com/the4star/reservation-system/internal/handlers/handlers.go:253.2,254.16 2 1
github.com/the4star/reservation-system/internal/handlers/handlers.go:261.2,270.51 7 1
github.com/the4star/reservation-system/internal/handlers/handlers.go:229.16,234.3 4 0
github.com/the4star/reservation-system/internal/handlers/handlers.go:240.16,245.3 4 0
github.com/the4star/reservation-system/internal/handlers/handlers.go:247.16,252.3 4 0
github.com/the4star/reservation-system/internal/handlers/handlers.go:254.16,259.3 4 1
github.com/the4star/reservation-system/internal/handlers/handlers.go:274.67,276.9 2 1
github.com/the4star/reservation-system/internal/handlers/handlers.go:281.2,282.16 2 1
github.com/the4star/reservation-system/internal/handlers/handlers.go:288.2,302.4 8 1
github.com/the4star/reservation-system/internal/handlers/handlers.go:276.9,279.3 2 1
github.com/the4star/reservation-system/internal/handlers/handlers.go:282.16,286.3 3 1
github.com/the4star/reservation-system/internal/handlers/handlers.go:306.71,308.9 2 1
github.com/the4star/reservation-system/internal/handlers/handlers.go:314.2,315.16 2 1
github.com/the4star/reservation-system/internal/handlers/handlers.go:322.2,326.19 5 1
github.com/the4star/reservation-system/internal/handlers/handlers.go:337.2,344.16 6 1
github.com/the4star/reservation-system/internal/handlers/handlers.go:351.2,363.16 5 1
github.com/the4star/reservation-system/internal/handlers/handlers.go:371.2,412.66 6 1
github.com/the4star/reservation-system/internal/handlers/handlers.go:308.9,312.3 3 1
github.com/the4star/reservation-system/internal/handlers/handlers.go:315.16,320.3 4 1
github.com/the4star/reservation-system/internal/handlers/handlers.go:326.19,335.3 5 1
github.com/the4star/reservation-system/internal/handlers/handlers.go:344.16,349.3 4 1
github.com/the4star/reservation-system/internal/handlers/handlers.go:363.16,368.3 4 1
github.com/the4star/reservation-system/internal/handlers/handlers.go:416.70,418.2 1 1
github.com/the4star/reservation-system/internal/handlers/handlers.go:420.81,422.9 2 1
github.com/the4star/reservation-system/internal/handlers/handlers.go:429.2,439.4 7 1
github.com/the4star/reservation-system/internal/handlers/handlers.go:422.9,427.3 4 1
github.com/the4star/reservation-system/internal/handlers/handlers.go:443.72,447.2 1 1
github.com/the4star/reservation-system/internal/handlers/handlers.go:450.72,453.16 3 1
github.com/the4star/reservation-system/internal/handlers/handlers.go:460.2,466.19 6 1
github.com/the4star/reservation-system/internal/handlers/handlers.go:473.2,474.16 2 1
github.com/the4star/reservation-system/internal/handlers/handlers.go:483.2,485.62 3 1
github.com/the4star/reservation-system/internal/handlers/handlers.go:453.16,458.3 4 0
github.com/the4star/reservation-system/internal/handlers/handlers.go:466.19,471.3 2 1
github.com/the4star/reservation-system/internal/handlers/handlers.go:474.16,481.3 4 1
github.com/the4star/reservation-system/internal/handlers/handlers.go:489.69,495.2 4 1
github.com/the4star/reservation-system/internal/handlers/handlers.go:498.77,500.2 1 1
github.com/the4star/reservation-system/internal/handlers/handlers.go:503.83,505.16 2 1
github.com/the4star/reservation-system/internal/handlers/handlers.go:512.2,516.4 3 1
github.com/the4star/reservation-system/internal/handlers/handlers.go:505.16,510.3 4 0
github.com/the4star/reservation-system/internal/handlers/handlers.go:520.83,522.16 2 1
github.com/the4star/reservation-system/internal/handlers/handlers.go:529.2,533.4 3 1
github.com/the4star/reservation-system/internal/handlers/handlers.go:522.16,527.3 4 0
github.com/the4star/reservation-system/internal/handlers/handlers.go:537.83,540.16 3 1
github.com/the4star/reservation-system/internal/handlers/handlers.go:547.2,557.16 9 1
github.com/the4star/reservation-system/internal/handlers/handlers.go:564.2,571.4 3 1
github.com/the4star/reservation-system/internal/handlers/handlers.go:540.16,545.3 4 0
github.com/the4star/reservation-system/internal/handlers/handlers.go:557.16,562.3 4 0
github.com/the4star/reservation-system/internal/handlers/handlers.go:575.89,577.16 2 1
github.com/the4star/reservation-system/internal/handlers/handlers.go:584.2,586.16 3 1
github.com/the4star/reservation-system/internal/handlers/handlers.go:593.2,598.16 5 1
github.com/the4star/reservation-system/internal/handlers/handlers.go:605.2,608.19 4 1
github.com/the4star/reservation-system/internal/handlers/handlers.go:619.2,625.16 6 1
github.com/the4star/reservation-system/internal/handlers/handlers.go:632.2,637.16 4 1
github.com/the4star/reservation-system/internal/handlers/handlers.go:577.16,582.3 4 0
github.com/the4star/reservation-system/internal/handlers/handlers.go:586.16,591.3 4 0
github.com/the4star/reservation-system/internal/handlers/handlers.go:598.16,603.3 4 1
github.com/the4star/reservation-system/internal/handlers/handlers.go:608.19,617.3 4 1
github.com/the4star/reservation-system/internal/handlers/handlers.go:625.16,630.3 4 0
github.com/the4star/reservation-system/internal/handlers/handlers.go:637.16,639.3 1 1
github.com/the4star/reservation-system/internal/handlers/handlers.go:639.8,641.3 1 1
github.com/the4star/reservation-system/internal/handlers/handlers.go:646.86,649.16 3 1
github.com/the4star/reservation-system/internal/handlers/handlers.go:656.2,659.16 3 1
github.com/the4star/reservation-system/internal/handlers/handlers.go:666.2,668.18 2 1
github.com/the4star/reservation-system/internal/handlers/handlers.go:649.16,654.3 4 0
github.com/the4star/reservation-system/internal/handlers/handlers.go:659.16,664.3 4 1
github.com/the4star/reservation-system/internal/handlers/handlers.go:668.18,672.3 3 1
github.com/the4star/reservation-system/internal/handlers/handlers.go:672.8,674.3 1 1
github.com/the4star/reservation-system/internal/handlers/handlers.go:678.85,681.16 3 1
github.com/the4star/reservation-system/internal/handlers/handlers.go:688.2,691.16 3 1
github.com/the4star/reservation-system/internal/handlers/handlers.go:697.2,699.18 2 1
github.com/the4star/reservation-system/internal/handlers/handlers.go:681.16,686.3 4 0
github.com/the4star/reservation-system/internal/handlers/handlers.go:691.16,696.3 4 1
github.com/the4star/reservation-system/internal/handlers/handlers.go:699.18,703.3 3 1
github.com/the4star/reservation-system/internal/handlers/handlers.go:703.8,705.3 1 1
github.com/the4star/reservation-system/internal/handlers/handlers.go:709.88,715.31 4 1
github.com/the4star/reservation-system/internal/handlers/handlers.go:734.2,762.16 14 1
github.com/the4star/reservation-system/internal/handlers/handlers.go:769.2,774.29 2 1
github.com/the4star/reservation-system/internal/handlers/handlers.go:809.2,813.4 1 1
github.com/the4star/reservation-system/internal/handlers/handlers.go:715.31,717.17 2 1
github.com/the4star/reservation-system/internal/handlers/handlers.go:723.3,724.17 2 1
github.com/the4star/reservation-system/internal/handlers/handlers.go:731.3,731.68 1 1
github.com/the4star/reservation-system/internal/handlers/handlers.go:717.17,722.4 4 0
github.com/the4star/reservation-system/internal/handlers/handlers.go:724.17,729.4 4 0
github.com/the4star/reservation-system/internal/handlers/handlers.go:762.16,767.3 4 0
github.com/the4star/reservation-system/internal/handlers/handlers.go:774.29,778.84 3 0
github.com/the4star/reservation-system/internal/handlers/handlers.go:783.3,784.17 2 0
github.com/the4star/reservation-system/internal/handlers/handlers.go:791.3,791.44 1 0
github.com/the4star/reservation-system/internal/handlers/handlers.go:803.3,806.81 3 0
github.com/the4star/reservation-system/internal/handlers/handlers.go:778.84,781.4 2 0
github.com/the4star/reservation-system/internal/handlers/handlers.go:784.17,789.4 4 0
github.com/the4star/reservation-system/internal/handlers/handlers.go:791.44,792.37 1 0
github.com/the4star/reservation-system/internal/handlers/handlers.go:792.37,794.103 1 0
github.com/the4star/reservation-system/internal/handlers/handlers.go:794.103,796.6 1 0
github.com/the4star/reservation-system/internal/handlers/handlers.go:797.10,800.5 1 0
github.com/the4star/reservation-system/internal/handlers/handlers.go:817.92,819.16 2 1
github.com/the4star/reservation-system/internal/handlers/handlers.go:826.2,827.16 2 1
github.com/the4star/reservation-system/internal/handlers/handlers.go:833.2,834.16 2 1
github.com/the4star/reservation-system/internal/handlers/handlers.go:842.2,843.16 2 1
github.com/the4star/reservation-system/internal/handlers/handlers.go:850.2,853.29 2 1
github.com/the4star/reservation-system/internal/handlers/handlers.go:872.2,872.31 1 1
github.com/the4star/reservation-system/internal/handlers/handlers.go:900.2,901.110 2 1
github.com/the4star/reservation-system/internal/handlers/handlers.go:819.16,824.3 4 0
github.com/the4star/reservation-system/internal/handlers/handlers.go:827.16,832.3 4 1
github.com/the4star/reservation-system/internal/handlers/handlers.go:834.16,839.3 4 0
github.com/the4star/reservation-system/internal/handlers/handlers.go:843.16,848.3 4 0
github.com/the4star/reservation-system/internal/handlers/handlers.go:853.29,855.38 2 0
github.com/the4star/reservation-system/internal/handlers/handlers.go:855.38,856.38 1 0
github.com/the4star/reservation-system/internal/handlers/handlers.go:856.38,857.16 1 0
github.com/the4star/reservation-system/internal/handlers/handlers.go:857.16,858.68 1 0
github.com/the4star/reservation-system/internal/handlers/handlers.go:858.68,860.21 2 0
github.com/the4star/reservation-system/internal/handlers/handlers.go:860.21,865.8 4 0
github.com/the4star/reservation-system/internal/handlers/handlers.go:872.31,873.43 1 1
github.com/the4star/reservation-system/internal/handlers/handlers.go:873.43,876.18 3 0
github.com/the4star/reservation-system/internal/handlers/handlers.go:882.4,884.18 3 0
github.com/the4star/reservation-system/internal/handlers/handlers.go:890.4,891.18 2 0
github.com/the4star/reservation-system/internal/handlers/handlers.go:876.18,881.5 4 0
github.com/the4star/reservation-system/internal/handlers/handlers.go:884.18,889.5 4 0
github.com/the4star/reservation-system/internal/handlers/handlers.go:891.18,896.5 4 0
github.com/the4star/reservation-system/internal/handlers/helpers.go:11.53,20.2 4 1
github.com/the4star/reservation-system/internal/handlers/helpers.go:22.84,32.2 2 1
